TN:
SF:App.js
FN:8,_interopRequireDefault
FN:8,_getRequireWildcardCache
FN:8,_getRequireWildcardCache
FN:8,_interopRequireWildcard
FN:8,ownKeys
FN:8,(anonymous_5)
FN:8,_objectSpread
FN:8,(anonymous_7)
FN:8,(anonymous_8)
FN:8,_defineProperty
FN:8,_slicedToArray
FN:8,_nonIterableRest
FN:8,_unsupportedIterableToArray
FN:8,_arrayLikeToArray
FN:8,_iterableToArrayLimit
FN:8,_arrayWithHoles
FN:10,App
FN:17,(anonymous_17)
FN:18,signIn
FN:18,signIn$
FN:24,signOut
FN:24,signOut$
FN:29,(anonymous_22)
FN:30,bootstrapAsync
FN:30,bootstrapAsync$
FNF:25
FNH:11
FNDA:2,_interopRequireDefault
FNDA:1,_getRequireWildcardCache
FNDA:0,_getRequireWildcardCache
FNDA:1,_interopRequireWildcard
FNDA:2,ownKeys
FNDA:0,(anonymous_5)
FNDA:2,_objectSpread
FNDA:5,(anonymous_7)
FNDA:0,(anonymous_8)
FNDA:5,_defineProperty
FNDA:1,_slicedToArray
FNDA:0,_nonIterableRest
FNDA:0,_unsupportedIterableToArray
FNDA:0,_arrayLikeToArray
FNDA:0,_iterableToArrayLimit
FNDA:1,_arrayWithHoles
FNDA:1,App
FNDA:1,(anonymous_17)
FNDA:0,signIn
FNDA:0,signIn$
FNDA:0,signOut
FNDA:0,signOut$
FNDA:0,(anonymous_22)
FNDA:0,bootstrapAsync
FNDA:0,bootstrapAsync$
DA:1,1
DA:2,1
DA:3,1
DA:4,1
DA:5,1
DA:6,1
DA:7,1
DA:8,28
DA:10,1
DA:11,1
DA:14,1
DA:16,1
DA:17,1
DA:18,0
DA:22,0
DA:24,0
DA:29,1
DA:30,0
DA:32,0
DA:34,0
DA:36,0
DA:39,0
DA:42,1
DA:51,1
LF:24
LH:16
BRDA:8,0,0,2
BRDA:8,0,1,0
BRDA:8,1,0,2
BRDA:8,1,1,2
BRDA:8,2,0,0
BRDA:8,2,1,1
BRDA:8,3,0,0
BRDA:8,3,1,1
BRDA:8,4,0,1
BRDA:8,4,1,1
BRDA:8,5,0,0
BRDA:8,5,1,1
BRDA:8,6,0,1
BRDA:8,6,1,1
BRDA:8,6,2,0
BRDA:8,7,0,0
BRDA:8,7,1,1
BRDA:8,8,0,1
BRDA:8,8,1,1
BRDA:8,9,0,1
BRDA:8,9,1,1
BRDA:8,10,0,28
BRDA:8,10,1,0
BRDA:8,11,0,28
BRDA:8,11,1,0
BRDA:8,12,0,0
BRDA:8,12,1,28
BRDA:8,13,0,28
BRDA:8,13,1,28
BRDA:8,13,2,28
BRDA:8,14,0,1
BRDA:8,14,1,0
BRDA:8,15,0,2
BRDA:8,15,1,0
BRDA:8,16,0,2
BRDA:8,16,1,0
BRDA:8,17,0,2
BRDA:8,17,1,0
BRDA:8,18,0,2
BRDA:8,18,1,0
BRDA:8,19,0,0
BRDA:8,19,1,0
BRDA:8,20,0,0
BRDA:8,20,1,5
BRDA:8,21,0,1
BRDA:8,21,1,0
BRDA:8,21,2,0
BRDA:8,21,3,0
BRDA:8,22,0,0
BRDA:8,22,1,0
BRDA:8,23,0,0
BRDA:8,23,1,0
BRDA:8,24,0,0
BRDA:8,24,1,0
BRDA:8,25,0,0
BRDA:8,25,1,0
BRDA:8,26,0,0
BRDA:8,26,1,0
BRDA:8,27,0,0
BRDA:8,27,1,0
BRDA:8,28,0,0
BRDA:8,28,1,0
BRDA:8,29,0,0
BRDA:8,29,1,0
BRDA:8,30,0,0
BRDA:8,30,1,0
BRDA:8,31,0,0
BRDA:8,31,1,0
BRDA:8,32,0,0
BRDA:8,32,1,0
BRDA:8,33,0,0
BRDA:8,33,1,0
BRDA:8,34,0,0
BRDA:8,34,1,0
BRDA:8,35,0,0
BRDA:8,35,1,0
BRDA:8,36,0,0
BRDA:8,36,1,0
BRDA:8,37,0,0
BRDA:8,37,1,0
BRDA:8,38,0,0
BRDA:8,38,1,0
BRDA:8,39,0,1
BRDA:8,39,1,0
BRDA:18,40,0,0
BRDA:18,40,1,0
BRDA:18,40,2,0
BRDA:18,40,3,0
BRDA:24,41,0,0
BRDA:24,41,1,0
BRDA:24,41,2,0
BRDA:24,41,3,0
BRDA:30,42,0,0
BRDA:30,42,1,0
BRDA:30,42,2,0
BRDA:30,42,3,0
BRF:96
BRH:29
end_of_record
TN:
SF:src\constants.js
FNF:0
FNH:0
DA:1,7
DA:2,7
DA:3,7
LF:3
LH:3
BRF:0
BRH:0
end_of_record
TN:
SF:src\theme.js
FNF:0
FNH:0
DA:1,19
DA:3,19
DA:15,19
DA:69,19
LF:4
LH:4
BRF:0
BRH:0
end_of_record
TN:
SF:src\components\AppHeader.js
FN:5,_interopRequireDefault
FN:5,ownKeys
FN:5,(anonymous_2)
FN:5,_objectSpread
FN:5,(anonymous_4)
FN:5,(anonymous_5)
FN:5,_defineProperty
FN:7,AppHeader
FNF:8
FNH:6
FNDA:10,_interopRequireDefault
FNDA:10,ownKeys
FNDA:0,(anonymous_2)
FNDA:10,_objectSpread
FNDA:5,(anonymous_4)
FNDA:0,(anonymous_5)
FNDA:5,_defineProperty
FNDA:1,AppHeader
DA:1,5
DA:2,5
DA:3,5
DA:4,5
DA:5,15
DA:7,5
DA:8,1
DA:10,1
DA:15,1
DA:17,1
DA:44,5
DA:86,5
LF:12
LH:12
BRDA:5,0,0,5
BRDA:5,0,1,5
BRDA:5,1,0,10
BRDA:5,1,1,10
BRDA:5,2,0,10
BRDA:5,2,1,0
BRDA:5,3,0,10
BRDA:5,3,1,0
BRDA:5,4,0,15
BRDA:5,4,1,0
BRDA:5,5,0,10
BRDA:5,5,1,5
BRDA:5,6,0,5
BRDA:5,6,1,0
BRDA:5,7,0,0
BRDA:5,7,1,5
BRDA:7,8,0,1
BRDA:7,8,1,0
BRDA:10,9,0,0
BRDA:10,9,1,1
BRDA:12,10,0,1
BRDA:12,10,1,0
BRDA:15,11,0,0
BRDA:15,11,1,1
BRDA:21,12,0,0
BRDA:21,12,1,1
BRDA:34,13,0,0
BRDA:34,13,1,1
BRF:28
BRH:17
end_of_record
TN:
SF:src\components\ButtonWithIcon.js
FN:4,_interopRequireDefault
FN:4,ownKeys
FN:4,(anonymous_2)
FN:4,_objectSpread
FN:4,(anonymous_4)
FN:4,(anonymous_5)
FN:4,_defineProperty
FN:6,ButtonWithIcon
FN:8,onPress
FNF:9
FNH:6
FNDA:14,_interopRequireDefault
FNDA:7,ownKeys
FNDA:0,(anonymous_2)
FNDA:7,_objectSpread
FNDA:7,(anonymous_4)
FNDA:0,(anonymous_5)
FNDA:7,_defineProperty
FNDA:1,ButtonWithIcon
FNDA:0,onPress
DA:1,7
DA:2,7
DA:3,7
DA:4,14
DA:6,7
DA:7,1
DA:8,0
DA:17,7
DA:37,7
LF:9
LH:8
BRDA:4,0,0,7
BRDA:4,0,1,7
BRDA:4,1,0,14
BRDA:4,1,1,14
BRDA:4,2,0,7
BRDA:4,2,1,0
BRDA:4,3,0,7
BRDA:4,3,1,0
BRDA:4,4,0,7
BRDA:4,4,1,0
BRDA:4,5,0,7
BRDA:4,5,1,0
BRDA:4,6,0,0
BRDA:4,6,1,0
BRDA:4,7,0,0
BRDA:4,7,1,7
BRF:16
BRH:9
end_of_record
TN:
SF:src\components\DashboardHeader.js
FN:3,_interopRequireDefault
FN:3,ownKeys
FN:3,(anonymous_2)
FN:3,_objectSpread
FN:3,(anonymous_4)
FN:3,(anonymous_5)
FN:3,_defineProperty
FN:5,DashboardHeader
FNF:8
FNH:6
FNDA:6,_interopRequireDefault
FNDA:6,ownKeys
FNDA:0,(anonymous_2)
FNDA:6,_objectSpread
FNDA:12,(anonymous_4)
FNDA:0,(anonymous_5)
FNDA:12,_defineProperty
FNDA:1,DashboardHeader
DA:1,6
DA:2,6
DA:3,12
DA:5,6
DA:6,1
DA:13,6
DA:22,6
LF:7
LH:7
BRDA:3,0,0,0
BRDA:3,0,1,6
BRDA:3,1,0,6
BRDA:3,1,1,6
BRDA:3,2,0,6
BRDA:3,2,1,0
BRDA:3,3,0,6
BRDA:3,3,1,0
BRDA:3,4,0,6
BRDA:3,4,1,0
BRDA:3,5,0,6
BRDA:3,5,1,0
BRDA:3,6,0,0
BRDA:3,6,1,0
BRDA:3,7,0,0
BRDA:3,7,1,12
BRF:16
BRH:8
end_of_record
TN:
SF:src\components\DashboardListCard.js
FN:4,_interopRequireDefault
FN:4,ownKeys
FN:4,(anonymous_2)
FN:4,_objectSpread
FN:4,(anonymous_4)
FN:4,(anonymous_5)
FN:4,_defineProperty
FN:15,DashboardListCard
FNF:8
FNH:6
FNDA:12,_interopRequireDefault
FNDA:12,ownKeys
FNDA:0,(anonymous_2)
FNDA:12,_objectSpread
FNDA:12,(anonymous_4)
FNDA:0,(anonymous_5)
FNDA:12,_defineProperty
FNDA:1,DashboardListCard
DA:1,6
DA:2,6
DA:3,6
DA:4,18
DA:6,6
DA:15,6
DA:16,1
DA:17,1
DA:32,6
DA:67,6
LF:10
LH:10
BRDA:4,0,0,6
BRDA:4,0,1,6
BRDA:4,1,0,12
BRDA:4,1,1,12
BRDA:4,2,0,12
BRDA:4,2,1,0
BRDA:4,3,0,12
BRDA:4,3,1,0
BRDA:4,4,0,18
BRDA:4,4,1,0
BRDA:4,5,0,12
BRDA:4,5,1,6
BRDA:4,6,0,6
BRDA:4,6,1,0
BRDA:4,7,0,0
BRDA:4,7,1,12
BRDA:23,8,0,1
BRDA:23,8,1,0
BRF:18
BRH:12
end_of_record
TN:
SF:src\components\LoginInput.js
FN:4,_interopRequireDefault
FN:4,ownKeys
FN:4,(anonymous_2)
FN:4,_objectSpread
FN:4,(anonymous_4)
FN:4,(anonymous_5)
FN:4,_defineProperty
FN:4,_extends
FN:4,(anonymous_8)
FN:6,LoginInput
FNF:10
FNH:7
FNDA:1,_interopRequireDefault
FNDA:1,ownKeys
FNDA:0,(anonymous_2)
FNDA:1,_objectSpread
FNDA:1,(anonymous_4)
FNDA:0,(anonymous_5)
FNDA:1,_defineProperty
FNDA:1,_extends
FNDA:0,(anonymous_8)
FNDA:1,LoginInput
DA:1,1
DA:2,1
DA:4,1
DA:6,1
DA:7,1
DA:12,1
DA:26,1
DA:53,1
LF:8
LH:8
BRDA:4,0,0,0
BRDA:4,0,1,1
BRDA:4,1,0,1
BRDA:4,1,1,1
BRDA:4,2,0,1
BRDA:4,2,1,0
BRDA:4,3,0,1
BRDA:4,3,1,0
BRDA:4,4,0,1
BRDA:4,4,1,0
BRDA:4,5,0,1
BRDA:4,5,1,0
BRDA:4,6,0,0
BRDA:4,6,1,0
BRDA:4,7,0,0
BRDA:4,7,1,1
BRDA:4,8,0,1
BRDA:4,8,1,0
BRDA:4,9,0,0
BRDA:4,9,1,0
BRDA:9,10,0,1
BRDA:9,10,1,0
BRF:22
BRH:10
end_of_record
TN:
SF:src\components\default\DefaultScrollView.js
FN:4,_interopRequireDefault
FN:16,DefaultScrollView
FNF:2
FNH:2
FNDA:8,_interopRequireDefault
FNDA:1,DefaultScrollView
DA:1,8
DA:2,8
DA:4,8
DA:6,8
DA:16,8
DA:17,1
DA:28,8
LF:7
LH:7
BRDA:4,0,0,0
BRDA:4,0,1,8
BRDA:4,1,0,8
BRDA:4,1,1,8
BRF:4
BRH:3
end_of_record
TN:
SF:src\components\default\DefaultView.js
FN:4,_interopRequireDefault
FN:13,DefaultView
FNF:2
FNH:2
FNDA:10,_interopRequireDefault
FNDA:1,DefaultView
DA:1,10
DA:2,10
DA:4,10
DA:6,10
DA:13,10
DA:14,1
DA:17,10
LF:7
LH:7
BRDA:4,0,0,0
BRDA:4,0,1,10
BRDA:4,1,0,10
BRDA:4,1,1,10
BRF:4
BRH:3
end_of_record
TN:
SF:src\context\auth.js
FNF:0
FNH:0
DA:1,6
DA:3,6
LF:2
LH:2
BRF:0
BRH:0
end_of_record
TN:
SF:src\navigation\BottomNavigation.js
FN:4,_interopRequireDefault
FN:12,MainBottomNavigator
FN:19,screenOptions
FN:20,tabBarIcon
FNF:4
FNH:2
FNDA:6,_interopRequireDefault
FNDA:1,MainBottomNavigator
FNDA:0,screenOptions
FNDA:0,tabBarIcon
DA:1,3
DA:2,3
DA:3,3
DA:4,6
DA:10,3
DA:12,3
DA:13,1
DA:14,1
DA:15,1
DA:17,1
DA:19,0
DA:20,0
DA:22,0
DA:23,0
DA:24,0
DA:25,0
DA:26,0
DA:27,0
DA:29,0
DA:43,3
LF:20
LH:11
BRDA:4,0,0,3
BRDA:4,0,1,3
BRDA:4,1,0,6
BRDA:4,1,1,6
BRDA:22,2,0,0
BRDA:22,2,1,0
BRDA:24,3,0,0
BRDA:24,3,1,0
BRDA:26,4,0,0
BRDA:26,4,1,0
BRF:10
BRH:4
end_of_record
TN:
SF:src\navigation\MainStackNavigation.js
FN:5,_interopRequireDefault
FN:9,MainStackNavigator
FNF:2
FNH:2
FNDA:6,_interopRequireDefault
FNDA:1,MainStackNavigator
DA:1,2
DA:2,2
DA:3,2
DA:4,2
DA:5,6
DA:7,2
DA:9,2
DA:10,1
DA:24,2
LF:9
LH:9
BRDA:5,0,0,4
BRDA:5,0,1,2
BRDA:5,1,0,6
BRDA:5,1,1,6
BRDA:15,2,0,1
BRDA:15,2,1,0
BRDA:17,3,0,0
BRDA:17,3,1,0
BRF:8
BRH:5
end_of_record
TN:
SF:src\navigation\StackNavigation.js
FN:10,_interopRequireDefault
FN:14,DashboardStackNavigator
FN:19,header
FN:33,AccountStackNavigator
FN:38,header
FN:58,NotificationStackNavigator
FN:63,header
FNF:7
FNH:4
FNDA:36,_interopRequireDefault
FNDA:1,DashboardStackNavigator
FNDA:0,header
FNDA:1,AccountStackNavigator
FNDA:0,header
FNDA:1,NotificationStackNavigator
FNDA:0,header
DA:1,4
DA:2,4
DA:3,4
DA:4,4
DA:5,4
DA:6,4
DA:7,4
DA:8,4
DA:9,4
DA:10,36
DA:12,4
DA:14,4
DA:15,1
DA:19,0
DA:31,4
DA:33,4
DA:34,1
DA:38,0
DA:56,4
DA:58,4
DA:59,1
DA:63,0
DA:74,4
LF:23
LH:20
BRDA:10,0,0,32
BRDA:10,0,1,4
BRDA:10,1,0,36
BRDA:10,1,1,36
BRF:4
BRH:4
end_of_record
TN:
SF:src\reducers\ApiStateReducer.js
FN:1,ownKeys
FN:1,(anonymous_1)
FN:1,_objectSpread
FN:1,(anonymous_3)
FN:1,(anonymous_4)
FN:1,_defineProperty
FN:1,apiStateReducer
FNF:7
FNH:5
FNDA:6,ownKeys
FNDA:0,(anonymous_1)
FNDA:6,_objectSpread
FNDA:9,(anonymous_3)
FNDA:0,(anonymous_4)
FNDA:9,_defineProperty
FNDA:3,apiStateReducer
DA:1,9
DA:2,3
DA:4,1
DA:10,1
DA:17,1
DA:23,0
DA:25,7
LF:7
LH:6
BRDA:1,0,0,6
BRDA:1,0,1,0
BRDA:1,1,0,6
BRDA:1,1,1,0
BRDA:1,2,0,9
BRDA:1,2,1,0
BRDA:1,3,0,6
BRDA:1,3,1,3
BRDA:1,4,0,3
BRDA:1,4,1,0
BRDA:1,5,0,0
BRDA:1,5,1,9
BRDA:2,6,0,1
BRDA:2,6,1,1
BRDA:2,6,2,1
BRDA:2,6,3,0
BRF:16
BRH:10
end_of_record
TN:
SF:src\reducers\AuthReducer.js
FN:1,ownKeys
FN:1,(anonymous_1)
FN:1,_objectSpread
FN:1,(anonymous_3)
FN:1,(anonymous_4)
FN:1,_defineProperty
FN:1,authReducer
FNF:7
FNH:5
FNDA:6,ownKeys
FNDA:0,(anonymous_1)
FNDA:6,_objectSpread
FNDA:9,(anonymous_3)
FNDA:0,(anonymous_4)
FNDA:9,_defineProperty
FNDA:4,authReducer
DA:1,9
DA:2,4
DA:4,1
DA:10,1
DA:16,1
DA:22,2
LF:6
LH:6
BRDA:1,0,0,6
BRDA:1,0,1,0
BRDA:1,1,0,6
BRDA:1,1,1,0
BRDA:1,2,0,9
BRDA:1,2,1,0
BRDA:1,3,0,6
BRDA:1,3,1,3
BRDA:1,4,0,3
BRDA:1,4,1,0
BRDA:1,5,0,0
BRDA:1,5,1,9
BRDA:2,6,0,1
BRDA:2,6,1,1
BRDA:2,6,2,1
BRF:15
BRH:10
end_of_record
TN:
SF:src\screens\Dashboards.js
FN:8,_interopRequireDefault
FN:8,_getRequireWildcardCache
FN:8,_getRequireWildcardCache
FN:8,_interopRequireWildcard
FN:8,_slicedToArray
FN:8,_nonIterableRest
FN:8,_unsupportedIterableToArray
FN:8,_arrayLikeToArray
FN:8,_iterableToArrayLimit
FN:8,_arrayWithHoles
FN:10,Dashboards
FN:17,(anonymous_11)
FN:33,keyExtractor
FNF:13
FNH:6
FNDA:20,_interopRequireDefault
FNDA:5,_getRequireWildcardCache
FNDA:0,_getRequireWildcardCache
FNDA:5,_interopRequireWildcard
FNDA:1,_slicedToArray
FNDA:0,_nonIterableRest
FNDA:0,_unsupportedIterableToArray
FNDA:0,_arrayLikeToArray
FNDA:0,_iterableToArrayLimit
FNDA:1,_arrayWithHoles
FNDA:1,Dashboards
FNDA:0,(anonymous_11)
FNDA:0,keyExtractor
DA:1,5
DA:2,5
DA:3,5
DA:4,5
DA:5,5
DA:6,5
DA:7,5
DA:8,140
DA:10,5
DA:11,1
DA:14,1
DA:17,1
DA:18,0
DA:23,1
DA:33,0
DA:40,5
DA:47,5
LF:17
LH:15
BRDA:8,0,0,20
BRDA:8,0,1,0
BRDA:8,1,0,20
BRDA:8,1,1,20
BRDA:8,2,0,0
BRDA:8,2,1,5
BRDA:8,3,0,0
BRDA:8,3,1,5
BRDA:8,4,0,5
BRDA:8,4,1,5
BRDA:8,5,0,0
BRDA:8,5,1,5
BRDA:8,6,0,5
BRDA:8,6,1,5
BRDA:8,6,2,0
BRDA:8,7,0,0
BRDA:8,7,1,5
BRDA:8,8,0,5
BRDA:8,8,1,5
BRDA:8,9,0,5
BRDA:8,9,1,5
BRDA:8,10,0,140
BRDA:8,10,1,0
BRDA:8,11,0,140
BRDA:8,11,1,0
BRDA:8,12,0,0
BRDA:8,12,1,140
BRDA:8,13,0,140
BRDA:8,13,1,140
BRDA:8,13,2,140
BRDA:8,14,0,5
BRDA:8,14,1,0
BRDA:8,15,0,1
BRDA:8,15,1,0
BRDA:8,15,2,0
BRDA:8,15,3,0
BRDA:8,16,0,0
BRDA:8,16,1,0
BRDA:8,17,0,0
BRDA:8,17,1,0
BRDA:8,18,0,0
BRDA:8,18,1,0
BRDA:8,19,0,0
BRDA:8,19,1,0
BRDA:8,20,0,0
BRDA:8,20,1,0
BRDA:8,21,0,0
BRDA:8,21,1,0
BRDA:8,22,0,0
BRDA:8,22,1,0
BRDA:8,23,0,0
BRDA:8,23,1,0
BRDA:8,24,0,0
BRDA:8,24,1,0
BRDA:8,25,0,0
BRDA:8,25,1,0
BRDA:8,26,0,0
BRDA:8,26,1,0
BRDA:8,27,0,0
BRDA:8,27,1,0
BRDA:8,28,0,0
BRDA:8,28,1,0
BRDA:8,29,0,0
BRDA:8,29,1,0
BRDA:8,30,0,0
BRDA:8,30,1,0
BRDA:8,31,0,0
BRDA:8,31,1,0
BRDA:8,32,0,0
BRDA:8,32,1,0
BRDA:8,33,0,1
BRDA:8,33,1,0
BRDA:26,34,0,1
BRDA:26,34,1,0
BRDA:27,35,0,1
BRDA:27,35,1,0
BRF:76
BRH:26
end_of_record
TN:
SF:src\screens\Login.js
FN:15,_interopRequireDefault
FN:15,_getRequireWildcardCache
FN:15,_getRequireWildcardCache
FN:15,_interopRequireWildcard
FN:15,_slicedToArray
FN:15,_nonIterableRest
FN:15,_unsupportedIterableToArray
FN:15,_arrayLikeToArray
FN:15,_iterableToArrayLimit
FN:15,_arrayWithHoles
FN:17,Login
FN:23,toggleShowPassword
FN:45,onChangeText
FN:57,onChangeText
FN:61,onPress
FN:68,onPress
FNF:16
FNH:6
FNDA:6,_interopRequireDefault
FNDA:3,_getRequireWildcardCache
FNDA:0,_getRequireWildcardCache
FNDA:3,_interopRequireWildcard
FNDA:3,_slicedToArray
FNDA:0,_nonIterableRest
FNDA:0,_unsupportedIterableToArray
FNDA:0,_arrayLikeToArray
FNDA:0,_iterableToArrayLimit
FNDA:3,_arrayWithHoles
FNDA:1,Login
FNDA:0,toggleShowPassword
FNDA:0,onChangeText
FNDA:0,onChangeText
FNDA:0,onPress
FNDA:0,onPress
DA:1,3
DA:2,3
DA:10,3
DA:11,3
DA:12,3
DA:14,3
DA:15,84
DA:17,3
DA:18,1
DA:19,1
DA:20,1
DA:21,1
DA:23,0
DA:24,0
DA:27,0
DA:45,0
DA:57,0
DA:61,0
DA:69,0
DA:70,0
DA:85,3
DA:135,3
LF:22
LH:14
BRDA:15,0,0,6
BRDA:15,0,1,0
BRDA:15,1,0,6
BRDA:15,1,1,6
BRDA:15,2,0,0
BRDA:15,2,1,3
BRDA:15,3,0,0
BRDA:15,3,1,3
BRDA:15,4,0,3
BRDA:15,4,1,3
BRDA:15,5,0,0
BRDA:15,5,1,3
BRDA:15,6,0,3
BRDA:15,6,1,3
BRDA:15,6,2,0
BRDA:15,7,0,0
BRDA:15,7,1,3
BRDA:15,8,0,3
BRDA:15,8,1,3
BRDA:15,9,0,3
BRDA:15,9,1,3
BRDA:15,10,0,84
BRDA:15,10,1,0
BRDA:15,11,0,84
BRDA:15,11,1,0
BRDA:15,12,0,0
BRDA:15,12,1,84
BRDA:15,13,0,84
BRDA:15,13,1,84
BRDA:15,13,2,84
BRDA:15,14,0,3
BRDA:15,14,1,0
BRDA:15,15,0,3
BRDA:15,15,1,0
BRDA:15,15,2,0
BRDA:15,15,3,0
BRDA:15,16,0,0
BRDA:15,16,1,0
BRDA:15,17,0,0
BRDA:15,17,1,0
BRDA:15,18,0,0
BRDA:15,18,1,0
BRDA:15,19,0,0
BRDA:15,19,1,0
BRDA:15,20,0,0
BRDA:15,20,1,0
BRDA:15,21,0,0
BRDA:15,21,1,0
BRDA:15,22,0,0
BRDA:15,22,1,0
BRDA:15,23,0,0
BRDA:15,23,1,0
BRDA:15,24,0,0
BRDA:15,24,1,0
BRDA:15,25,0,0
BRDA:15,25,1,0
BRDA:15,26,0,0
BRDA:15,26,1,0
BRDA:15,27,0,0
BRDA:15,27,1,0
BRDA:15,28,0,0
BRDA:15,28,1,0
BRDA:15,29,0,0
BRDA:15,29,1,0
BRDA:15,30,0,0
BRDA:15,30,1,0
BRDA:15,31,0,0
BRDA:15,31,1,0
BRDA:15,32,0,0
BRDA:15,32,1,0
BRDA:15,33,0,3
BRDA:15,33,1,0
BRDA:60,34,0,0
BRDA:60,34,1,0
BRF:74
BRH:24
end_of_record
TN:
SF:src\screens\Notification.js
FN:3,_interopRequireDefault
FN:5,Notification
FNF:2
FNH:2
FNDA:10,_interopRequireDefault
FNDA:1,Notification
DA:1,5
DA:2,5
DA:3,10
DA:5,5
DA:6,1
DA:15,5
DA:25,5
LF:7
LH:7
BRDA:3,0,0,5
BRDA:3,0,1,5
BRDA:3,1,0,10
BRDA:3,1,1,10
BRF:4
BRH:4
end_of_record
TN:
SF:src\screens\Splash.js
FN:2,_interopRequireDefault
FN:4,Splash
FNF:2
FNH:2
FNDA:3,_interopRequireDefault
FNDA:1,Splash
DA:1,3
DA:2,3
DA:4,3
DA:5,1
DA:12,3
LF:5
LH:5
BRDA:2,0,0,0
BRDA:2,0,1,3
BRDA:2,1,0,3
BRDA:2,1,1,3
BRF:4
BRH:3
end_of_record
TN:
SF:src\screens\account\Account.js
FN:16,_interopRequireDefault
FN:16,_getRequireWildcardCache
FN:16,_getRequireWildcardCache
FN:16,_interopRequireWildcard
FN:16,ownKeys
FN:16,(anonymous_5)
FN:16,_objectSpread
FN:16,(anonymous_7)
FN:16,(anonymous_8)
FN:16,_defineProperty
FN:16,_slicedToArray
FN:16,_nonIterableRest
FN:16,_unsupportedIterableToArray
FN:16,_arrayLikeToArray
FN:16,_iterableToArrayLimit
FN:16,_arrayWithHoles
FN:18,Account
FN:26,(anonymous_17)
FN:71,onPress
FN:76,onPress
FN:81,onPress
FN:86,onPress
FNF:22
FNH:8
FNDA:20,_interopRequireDefault
FNDA:5,_getRequireWildcardCache
FNDA:0,_getRequireWildcardCache
FNDA:5,_interopRequireWildcard
FNDA:25,ownKeys
FNDA:0,(anonymous_5)
FNDA:25,_objectSpread
FNDA:25,(anonymous_7)
FNDA:0,(anonymous_8)
FNDA:25,_defineProperty
FNDA:0,_slicedToArray
FNDA:0,_nonIterableRest
FNDA:0,_unsupportedIterableToArray
FNDA:0,_arrayLikeToArray
FNDA:0,_iterableToArrayLimit
FNDA:0,_arrayWithHoles
FNDA:1,Account
FNDA:0,(anonymous_17)
FNDA:0,onPress
FNDA:0,onPress
FNDA:0,onPress
FNDA:0,onPress
DA:1,5
DA:2,5
DA:9,5
DA:10,5
DA:11,5
DA:12,5
DA:13,5
DA:14,5
DA:15,5
DA:16,140
DA:18,5
DA:19,1
DA:20,0
DA:23,0
DA:26,0
DA:27,0
DA:32,0
DA:71,0
DA:76,0
DA:81,0
DA:86,0
DA:99,5
DA:155,5
LF:23
LH:14
BRDA:16,0,0,20
BRDA:16,0,1,0
BRDA:16,1,0,20
BRDA:16,1,1,20
BRDA:16,2,0,0
BRDA:16,2,1,5
BRDA:16,3,0,0
BRDA:16,3,1,5
BRDA:16,4,0,5
BRDA:16,4,1,5
BRDA:16,5,0,0
BRDA:16,5,1,5
BRDA:16,6,0,5
BRDA:16,6,1,5
BRDA:16,6,2,0
BRDA:16,7,0,0
BRDA:16,7,1,5
BRDA:16,8,0,5
BRDA:16,8,1,5
BRDA:16,9,0,5
BRDA:16,9,1,5
BRDA:16,10,0,140
BRDA:16,10,1,0
BRDA:16,11,0,140
BRDA:16,11,1,0
BRDA:16,12,0,0
BRDA:16,12,1,140
BRDA:16,13,0,140
BRDA:16,13,1,140
BRDA:16,13,2,140
BRDA:16,14,0,5
BRDA:16,14,1,0
BRDA:16,15,0,25
BRDA:16,15,1,0
BRDA:16,16,0,25
BRDA:16,16,1,0
BRDA:16,17,0,30
BRDA:16,17,1,0
BRDA:16,18,0,25
BRDA:16,18,1,5
BRDA:16,19,0,5
BRDA:16,19,1,0
BRDA:16,20,0,0
BRDA:16,20,1,25
BRDA:16,21,0,0
BRDA:16,21,1,0
BRDA:16,21,2,0
BRDA:16,21,3,0
BRDA:16,22,0,0
BRDA:16,22,1,0
BRDA:16,23,0,0
BRDA:16,23,1,0
BRDA:16,24,0,0
BRDA:16,24,1,0
BRDA:16,25,0,0
BRDA:16,25,1,0
BRDA:16,26,0,0
BRDA:16,26,1,0
BRDA:16,27,0,0
BRDA:16,27,1,0
BRDA:16,28,0,0
BRDA:16,28,1,0
BRDA:16,29,0,0
BRDA:16,29,1,0
BRDA:16,30,0,0
BRDA:16,30,1,0
BRDA:16,31,0,0
BRDA:16,31,1,0
BRDA:16,32,0,0
BRDA:16,32,1,0
BRDA:16,33,0,0
BRDA:16,33,1,0
BRDA:16,34,0,0
BRDA:16,34,1,0
BRDA:16,35,0,0
BRDA:16,35,1,0
BRDA:16,36,0,0
BRDA:16,36,1,0
BRDA:16,37,0,0
BRDA:16,37,1,0
BRDA:16,38,0,0
BRDA:16,38,1,0
BRDA:16,39,0,0
BRDA:16,39,1,0
BRDA:38,40,0,0
BRDA:38,40,1,0
BRDA:55,41,0,0
BRDA:55,41,1,0
BRDA:61,42,0,0
BRDA:61,42,1,0
BRF:90
BRH:29
end_of_record
TN:
SF:src\screens\account\DashboardActivities.js
FN:3,_interopRequireDefault
FN:5,DashboardActivities
FNF:2
FNH:2
FNDA:10,_interopRequireDefault
FNDA:1,DashboardActivities
DA:1,5
DA:2,5
DA:3,10
DA:5,5
DA:6,1
DA:13,5
LF:6
LH:6
BRDA:3,0,0,5
BRDA:3,0,1,5
BRDA:3,1,0,10
BRDA:3,1,1,10
BRF:4
BRH:4
end_of_record
TN:
SF:src\screens\account\Feedback.js
FN:3,_interopRequireDefault
FN:5,Feedback
FNF:2
FNH:2
FNDA:10,_interopRequireDefault
FNDA:1,Feedback
DA:1,5
DA:2,5
DA:3,10
DA:5,5
DA:6,1
DA:13,5
LF:6
LH:6
BRDA:3,0,0,5
BRDA:3,0,1,5
BRDA:3,1,0,10
BRDA:3,1,1,10
BRF:4
BRH:4
end_of_record
TN:
SF:src\screens\account\Settings.js
FN:4,_interopRequireDefault
FN:4,_getRequireWildcardCache
FN:4,_getRequireWildcardCache
FN:4,_interopRequireWildcard
FN:4,ownKeys
FN:4,(anonymous_5)
FN:4,_objectSpread
FN:4,(anonymous_7)
FN:4,(anonymous_8)
FN:4,_defineProperty
FN:4,_slicedToArray
FN:4,_nonIterableRest
FN:4,_unsupportedIterableToArray
FN:4,_arrayLikeToArray
FN:4,_iterableToArrayLimit
FN:4,_arrayWithHoles
FN:6,Settings
FN:9,toggleNotification
FNF:18
FNH:10
FNDA:5,_interopRequireDefault
FNDA:5,_getRequireWildcardCache
FNDA:0,_getRequireWildcardCache
FNDA:5,_interopRequireWildcard
FNDA:5,ownKeys
FNDA:0,(anonymous_5)
FNDA:5,_objectSpread
FNDA:5,(anonymous_7)
FNDA:0,(anonymous_8)
FNDA:5,_defineProperty
FNDA:1,_slicedToArray
FNDA:0,_nonIterableRest
FNDA:0,_unsupportedIterableToArray
FNDA:0,_arrayLikeToArray
FNDA:0,_iterableToArrayLimit
FNDA:1,_arrayWithHoles
FNDA:1,Settings
FNDA:0,toggleNotification
DA:1,5
DA:2,5
DA:3,5
DA:4,140
DA:6,5
DA:7,1
DA:9,1
DA:10,0
DA:13,1
DA:23,5
DA:37,5
LF:11
LH:10
BRDA:4,0,0,5
BRDA:4,0,1,0
BRDA:4,1,0,5
BRDA:4,1,1,5
BRDA:4,2,0,0
BRDA:4,2,1,5
BRDA:4,3,0,0
BRDA:4,3,1,5
BRDA:4,4,0,5
BRDA:4,4,1,5
BRDA:4,5,0,0
BRDA:4,5,1,5
BRDA:4,6,0,5
BRDA:4,6,1,5
BRDA:4,6,2,0
BRDA:4,7,0,0
BRDA:4,7,1,5
BRDA:4,8,0,5
BRDA:4,8,1,5
BRDA:4,9,0,5
BRDA:4,9,1,5
BRDA:4,10,0,140
BRDA:4,10,1,0
BRDA:4,11,0,140
BRDA:4,11,1,0
BRDA:4,12,0,0
BRDA:4,12,1,140
BRDA:4,13,0,140
BRDA:4,13,1,140
BRDA:4,13,2,140
BRDA:4,14,0,5
BRDA:4,14,1,0
BRDA:4,15,0,5
BRDA:4,15,1,0
BRDA:4,16,0,5
BRDA:4,16,1,0
BRDA:4,17,0,5
BRDA:4,17,1,0
BRDA:4,18,0,5
BRDA:4,18,1,0
BRDA:4,19,0,0
BRDA:4,19,1,0
BRDA:4,20,0,0
BRDA:4,20,1,5
BRDA:4,21,0,1
BRDA:4,21,1,0
BRDA:4,21,2,0
BRDA:4,21,3,0
BRDA:4,22,0,0
BRDA:4,22,1,0
BRDA:4,23,0,0
BRDA:4,23,1,0
BRDA:4,24,0,0
BRDA:4,24,1,0
BRDA:4,25,0,0
BRDA:4,25,1,0
BRDA:4,26,0,0
BRDA:4,26,1,0
BRDA:4,27,0,0
BRDA:4,27,1,0
BRDA:4,28,0,0
BRDA:4,28,1,0
BRDA:4,29,0,0
BRDA:4,29,1,0
BRDA:4,30,0,0
BRDA:4,30,1,0
BRDA:4,31,0,0
BRDA:4,31,1,0
BRDA:4,32,0,0
BRDA:4,32,1,0
BRDA:4,33,0,0
BRDA:4,33,1,0
BRDA:4,34,0,0
BRDA:4,34,1,0
BRDA:4,35,0,0
BRDA:4,35,1,0
BRDA:4,36,0,0
BRDA:4,36,1,0
BRDA:4,37,0,0
BRDA:4,37,1,0
BRDA:4,38,0,0
BRDA:4,38,1,0
BRDA:4,39,0,1
BRDA:4,39,1,0
BRF:84
BRH:29
end_of_record
TN:
SF:src\screens\account\Support.js
FN:3,_interopRequireDefault
FN:5,Support
FNF:2
FNH:2
FNDA:15,_interopRequireDefault
FNDA:1,Support
DA:1,5
DA:2,5
DA:3,15
DA:5,5
DA:6,1
DA:14,5
LF:6
LH:6
BRDA:3,0,0,10
BRDA:3,0,1,5
BRDA:3,1,0,15
BRDA:3,1,1,15
BRF:4
BRH:4
end_of_record
TN:
SF:src\services\asyncstorage\CognitensorAsyncStorageService.js
FN:1,_interopRequireDefault
FN:1,_classCallCheck
FN:3,CognitensorAsyncStorageService
FN:6,_callee
FN:6,_callee$
FN:14,_callee2
FN:14,_callee2$
FN:24,_callee3
FN:24,_callee3$
FNF:9
FNH:3
FNDA:8,_interopRequireDefault
FNDA:8,_classCallCheck
FNDA:8,CognitensorAsyncStorageService
FNDA:0,_callee
FNDA:0,_callee$
FNDA:0,_callee2
FNDA:0,_callee2$
FNDA:0,_callee3
FNDA:0,_callee3$
DA:1,8
DA:3,8
DA:4,8
DA:6,0
DA:8,0
DA:10,8
DA:14,0
DA:17,0
DA:19,0
DA:21,8
DA:24,0
DA:26,0
DA:28,0
DA:33,8
LF:14
LH:6
BRDA:1,0,0,0
BRDA:1,0,1,8
BRDA:1,1,0,8
BRDA:1,1,1,8
BRDA:1,2,0,0
BRDA:1,2,1,8
BRDA:6,3,0,0
BRDA:6,3,1,0
BRDA:6,3,2,0
BRDA:6,3,3,0
BRDA:6,3,4,0
BRDA:14,4,0,0
BRDA:14,4,1,0
BRDA:14,4,2,0
BRDA:14,4,3,0
BRDA:14,4,4,0
BRDA:14,4,5,0
BRDA:24,5,0,0
BRDA:24,5,1,0
BRDA:24,5,2,0
BRDA:24,5,3,0
BRDA:24,5,4,0
BRF:22
BRH:4
end_of_record
TN:
SF:src\services\network\CognitensorEndpoints.js
FN:3,_interopRequireDefault
FN:3,_classCallCheck
FN:5,CognitensorEndpoints
FN:6,_callee
FN:6,_callee$
FN:20,(anonymous_5)
FN:28,(anonymous_6)
FN:34,_callee3
FN:34,_callee3$
FN:47,_callee2
FN:47,_callee2$
FN:62,(anonymous_11)
FN:67,_callee4
FN:67,_callee4$
FN:72,_callee5
FN:72,_callee5$
FN:80,_callee6
FN:80,_callee6$
FNF:18
FNH:3
FNDA:14,_interopRequireDefault
FNDA:7,_classCallCheck
FNDA:7,CognitensorEndpoints
FNDA:0,_callee
FNDA:0,_callee$
FNDA:0,(anonymous_5)
FNDA:0,(anonymous_6)
FNDA:0,_callee3
FNDA:0,_callee3$
FNDA:0,_callee2
FNDA:0,_callee2$
FNDA:0,(anonymous_11)
FNDA:0,_callee4
FNDA:0,_callee4$
FNDA:0,_callee5
FNDA:0,_callee5$
FNDA:0,_callee6
FNDA:0,_callee6$
DA:1,7
DA:2,7
DA:3,14
DA:5,7
DA:6,0
DA:7,0
DA:8,0
DA:9,0
DA:19,0
DA:21,0
DA:22,0
DA:29,0
DA:30,0
DA:31,7
DA:34,0
DA:35,0
DA:47,0
DA:48,0
DA:52,0
DA:58,0
DA:59,0
DA:60,0
DA:63,0
DA:64,7
DA:67,0
DA:69,7
DA:72,0
DA:76,7
DA:80,0
DA:84,0
DA:89,7
LF:31
LH:9
BRDA:3,0,0,7
BRDA:3,0,1,7
BRDA:3,1,0,14
BRDA:3,1,1,14
BRDA:3,2,0,0
BRDA:3,2,1,7
BRDA:6,3,0,0
BRDA:6,3,1,0
BRDA:6,3,2,0
BRDA:6,3,3,0
BRDA:21,4,0,0
BRDA:21,4,1,0
BRDA:34,5,0,0
BRDA:34,5,1,0
BRDA:34,5,2,0
BRDA:47,6,0,0
BRDA:47,6,1,0
BRDA:47,6,2,0
BRDA:47,6,3,0
BRDA:47,6,4,0
BRDA:47,7,0,0
BRDA:47,7,1,0
BRDA:58,8,0,0
BRDA:58,8,1,0
BRDA:67,9,0,0
BRDA:67,9,1,0
BRDA:67,9,2,0
BRDA:67,9,3,0
BRDA:72,10,0,0
BRDA:72,10,1,0
BRDA:72,10,2,0
BRDA:80,11,0,0
BRDA:80,11,1,0
BRDA:80,11,2,0
BRF:34
BRH:5
end_of_record
TN:
SF:src\tests\screens\sampleAuthcontext.js
FN:1,_getRequireWildcardCache
FN:1,_getRequireWildcardCache
FN:1,_interopRequireWildcard
FN:6,_default
FNF:4
FNH:2
FNDA:2,_getRequireWildcardCache
FNDA:0,_getRequireWildcardCache
FNDA:2,_interopRequireWildcard
FNDA:0,_default
DA:1,56
DA:4,2
DA:6,2
DA:7,0
DA:8,0
DA:9,2
LF:6
LH:4
BRDA:1,0,0,0
BRDA:1,0,1,2
BRDA:1,1,0,0
BRDA:1,1,1,2
BRDA:1,2,0,2
BRDA:1,2,1,2
BRDA:1,3,0,0
BRDA:1,3,1,2
BRDA:1,4,0,2
BRDA:1,4,1,2
BRDA:1,4,2,0
BRDA:1,5,0,0
BRDA:1,5,1,2
BRDA:1,6,0,2
BRDA:1,6,1,2
BRDA:1,7,0,2
BRDA:1,7,1,2
BRDA:1,8,0,56
BRDA:1,8,1,0
BRDA:1,9,0,56
BRDA:1,9,1,0
BRDA:1,10,0,0
BRDA:1,10,1,56
BRDA:1,11,0,56
BRDA:1,11,1,56
BRDA:1,11,2,56
BRDA:1,12,0,2
BRDA:1,12,1,0
BRF:28
BRH:19
end_of_record
